Porsche/platforms/android/app/build/intermediates/manifest_merge_blame_file/debug/manifest-merger-blame-debug-report.txt
1<?xml version="1.0" encoding="utf-8"?>
2<manifest xmlns:android="http://schemas.android.com/apk/res/android"
3    package="io.cordova.hellocordova"
4    android:hardwareAccelerated="true"
5    android:versionCode="10000"
6    android:versionName="1.0.0" >
7
8    <uses-sdk
9        android:minSdkVersion="22"
9-->src/main/AndroidManifest.xml
10        android:targetSdkVersion="29" />
10-->src/main/AndroidManifest.xml
11
12    <supports-screens
12-->src/main/AndroidManifest.xml:8:5-14:40
13        android:anyDensity="true"
13-->src/main/AndroidManifest.xml:9:9-34
14        android:largeScreens="true"
14-->src/main/AndroidManifest.xml:10:9-36
15        android:normalScreens="true"
15-->src/main/AndroidManifest.xml:11:9-37
16        android:resizeable="true"
16-->src/main/AndroidManifest.xml:12:9-34
17        android:smallScreens="true"
17-->src/main/AndroidManifest.xml:13:9-36
18        android:xlargeScreens="true" />
18-->src/main/AndroidManifest.xml:14:9-37
19
20    <uses-permission android:name="android.permission.INTERNET" />
20-->src/main/AndroidManifest.xml:16:5-67
20-->src/main/AndroidManifest.xml:16:22-64
21
22    <application
22-->src/main/AndroidManifest.xml:18:5-41:19
23        android:appComponentFactory="android.support.v4.app.CoreComponentFactory"
23-->[com.android.support:support-compat:28.0.0] AndroidManifest.xml:22:18-91
24        android:debuggable="true"
25        android:hardwareAccelerated="true"
25-->src/main/AndroidManifest.xml:19:9-43
26        android:icon="@mipmap/ic_porsche"
26-->src/main/AndroidManifest.xml:20:9-42
27        android:label="@string/app_name"
27-->src/main/AndroidManifest.xml:21:9-41
28        android:supportsRtl="true"
28-->src/main/AndroidManifest.xml:22:9-35
29        android:testOnly="true" >
30        <activity
30-->src/main/AndroidManifest.xml:23:9-31:20
31            android:name="io.cordova.hellocordova.SplashScreenActivity"
31-->src/main/AndroidManifest.xml:23:19-55
32            android:theme="@style/AppTheme.FullScreen" >
32-->src/main/AndroidManifest.xml:24:13-55
33            <intent-filter>
33-->src/main/AndroidManifest.xml:26:9-30:29
34                <action android:name="android.intent.action.MAIN" />
34-->src/main/AndroidManifest.xml:27:17-69
34-->src/main/AndroidManifest.xml:27:25-66
35
36                <category android:name="android.intent.category.LAUNCHER" />
36-->src/main/AndroidManifest.xml:29:17-77
36-->src/main/AndroidManifest.xml:29:27-74
37            </intent-filter>
38        </activity>
39        <activity
39-->src/main/AndroidManifest.xml:32:9-40:20
40            android:name="io.cordova.hellocordova.MainActivity"
40-->src/main/AndroidManifest.xml:33:13-41
41            android:configChanges="orientation|keyboardHidden|keyboard|screenSize|locale|smallestScreenSize|screenLayout|uiMode"
41-->src/main/AndroidManifest.xml:34:13-129
42            android:label="@string/activity_name"
42-->src/main/AndroidManifest.xml:35:13-50
43            android:launchMode="singleTop"
43-->src/main/AndroidManifest.xml:36:13-43
44            android:theme="@android:style/Theme.DeviceDefault.NoActionBar"
44-->src/main/AndroidManifest.xml:37:13-75
45            android:windowSoftInputMode="adjustResize" >
45-->src/main/AndroidManifest.xml:38:13-55
46        </activity>
47    </application>
48
49</manifest>